2022-04-07 03:19:30 PM excel_suffix: UP2

2022-04-07 03:19:30 PM data_processing: True

2022-04-07 03:19:30 PM find_unknown: False

2022-04-07 03:19:30 PM dealing_start_year: 1940

2022-04-07 03:19:36 PM Data Processing

2022-04-07 03:19:37 PM ====== WebDriver manager ======
2022-04-07 03:19:38 PM Current google-chrome version is 100.0.4896
2022-04-07 03:19:38 PM Get LATEST driver version for 100.0.4896
2022-04-07 03:19:38 PM Driver [C:\Users\lawre\.wdm\drivers\chromedriver\win32\100.0.4896.60\chromedriver.exe] found in cache
2022-04-07 03:19:43 PM Reading file: FOREX_1 Time: 14 s

2022-04-07 03:19:43 PM Present File Exists. Reading Data From Default Path.

2022-04-07 03:19:43 PM Total Columns: 259 Time: 14 s

2022-04-07 03:20:44 PM Reading file: FOREX_2 Time: 74 s

2022-04-07 03:20:44 PM Present File Exists. Reading Data From Default Path.

2022-04-07 03:20:44 PM Total Columns: 31 Time: 75 s

2022-04-07 03:20:48 PM Reading file: FOREX_3 Time: 79 s

2022-04-07 03:20:48 PM Frequency = A Time: 79 s

2022-04-07 03:20:48 PM Present File Exists. Reading Data From Default Path.

2022-04-07 03:20:48 PM Total Rows: 219 Time: 79 s

2022-04-07 03:21:11 PM Frequency = M Time: 102 s

2022-04-07 03:21:11 PM Present File Exists. Reading Data From Default Path.

2022-04-07 03:21:13 PM Total Rows: 219 Time: 104 s

2022-04-07 03:21:37 PM Frequency = Q Time: 128 s

2022-04-07 03:21:37 PM Present File Exists. Reading Data From Default Path.

2022-04-07 03:21:38 PM Total Rows: 219 Time: 129 s

2022-04-07 03:22:01 PM Frequency = S Time: 152 s

2022-04-07 03:22:01 PM Present File Exists. Reading Data From Default Path.

2022-04-07 03:22:02 PM Total Rows: 219 Time: 153 s

2022-04-07 03:22:25 PM Reading file: FOREX_4 Time: 176 s

2022-04-07 03:22:25 PM Frequency = A Time: 176 s

2022-04-07 03:22:25 PM Present File Exists. Reading Data From Default Path.

2022-04-07 03:22:25 PM Total Rows: 220 Time: 176 s

2022-04-07 03:22:48 PM Frequency = M Time: 199 s

2022-04-07 03:22:48 PM Present File Exists. Reading Data From Default Path.

2022-04-07 03:22:49 PM Total Rows: 220 Time: 200 s

2022-04-07 03:23:14 PM Frequency = Q Time: 225 s

2022-04-07 03:23:14 PM Present File Exists. Reading Data From Default Path.

2022-04-07 03:23:14 PM Total Rows: 220 Time: 225 s

2022-04-07 03:23:37 PM Frequency = S Time: 248 s

2022-04-07 03:23:37 PM Present File Exists. Reading Data From Default Path.

2022-04-07 03:23:38 PM Total Rows: 220 Time: 249 s

2022-04-07 03:24:00 PM Reading file: FOREX_5 Time: 271 s

2022-04-07 03:24:00 PM Frequency = A Time: 271 s

2022-04-07 03:24:00 PM Present File Exists. Reading Data From Default Path.

2022-04-07 03:24:00 PM Total Rows: 219 Time: 271 s

2022-04-07 03:24:40 PM Frequency = M Time: 310 s

2022-04-07 03:24:40 PM Present File Exists. Reading Data From Default Path.

2022-04-07 03:24:41 PM Total Rows: 219 Time: 312 s

2022-04-07 03:25:28 PM Frequency = Q Time: 359 s

2022-04-07 03:25:28 PM Present File Exists. Reading Data From Default Path.

2022-04-07 03:25:29 PM Total Rows: 219 Time: 360 s

2022-04-07 03:26:14 PM Frequency = S Time: 405 s

2022-04-07 03:26:14 PM Present File Exists. Reading Data From Default Path.

2022-04-07 03:26:16 PM Total Rows: 219 Time: 407 s

2022-04-07 03:27:04 PM Reading file: FOREX_6 Time: 455 s

2022-04-07 03:27:04 PM Frequency = A Time: 455 s

2022-04-07 03:27:04 PM Present File Exists. Reading Data From Default Path.

2022-04-07 03:27:05 PM Total Rows: 220 Time: 455 s

2022-04-07 03:27:54 PM Frequency = M Time: 505 s

2022-04-07 03:27:54 PM Present File Exists. Reading Data From Default Path.

2022-04-07 03:27:56 PM Total Rows: 220 Time: 507 s

2022-04-07 03:28:53 PM Frequency = Q Time: 563 s

2022-04-07 03:28:53 PM Present File Exists. Reading Data From Default Path.

2022-04-07 03:28:53 PM Total Rows: 220 Time: 564 s

2022-04-07 03:29:43 PM Frequency = S Time: 614 s

2022-04-07 03:29:43 PM Present File Exists. Reading Data From Default Path.

2022-04-07 03:29:44 PM Total Rows: 220 Time: 615 s

2022-04-07 03:30:21 PM Reading file: FOREX_7 Time: 652 s

2022-04-07 03:30:21 PM Present File Exists. Reading Data From Default Path.

2022-04-07 03:30:22 PM Total Rows: 23 Time: 653 s

2022-04-07 03:30:22 PM Reading file: FOREX_8 Time: 653 s

2022-04-07 03:30:22 PM Present File Exists. Reading Data From Default Path.

2022-04-07 03:30:22 PM Total Columns: 40 Time: 653 s

2022-04-07 03:37:42 PM Reading file: FOREX_9 Time: 1093 s

2022-04-07 03:37:42 PM Present File Exists. Reading Data From Default Path.

2022-04-07 03:37:42 PM Total Columns: 4 Time: 1093 s

2022-04-07 03:39:05 PM       databank              name   db_table  db_code  ...    snl                                    source                                      form_e form_c
0        FOREX           A001REX  DB_A_0001  data001  ...      1  International Financial Statistics (IFS)  Average of observations through period (A)       
1        FOREX          A001REXA  DB_A_0001  data002  ...      2  International Financial Statistics (IFS)  Average of observations through period (A)       
2        FOREX          A001REXD  DB_A_0001  data003  ...      3  International Financial Statistics (IFS)  Average of observations through period (A)       
3        FOREX          A001REXE  DB_A_0001  data004  ...      4  International Financial Statistics (IFS)                           End of period (E)       
4        FOREX        A001REXEUR  DB_A_0001  data005  ...      5  International Financial Statistics (IFS)  Average of observations through period (A)       
...        ...               ...        ...      ...  ...    ...                                       ...                                         ...    ...
14780    FOREX  WB93REXEUREECB.W  DB_W_0003  data115  ...  14781         Official ECB & EUROSTAT Reference                           End of period (E)       
14781    FOREX     WB93REXEURI.W  DB_W_0003  data116  ...  14782         Official ECB & EUROSTAT Reference                           End of period (E)       
14782    FOREX  WB93REXEURIECB.W  DB_W_0003  data117  ...  14783         Official ECB & EUROSTAT Reference                           End of period (E)       
14783    FOREX  WB96REXEURDECB.W  DB_W_0003  data118  ...  14784         Official ECB & EUROSTAT Reference  Average of observations through period (A)       
14784    FOREX   WB96REXEURECB.W  DB_W_0003  data119  ...  14785         Official ECB & EUROSTAT Reference  Average of observations through period (A)       

[14785 rows x 15 columns]
